<?xml version="1.0" encoding="UTF-8"?>
<testsuite xmlns:xsi="http://www.w3.org/2001/XMLSchema-instance" xsi:noNamespaceSchemaLocation="https://maven.apache.org/surefire/maven-surefire-plugin/xsd/surefire-test-report.xsd" version="3.0.2" name="ai.braineous.app.fno.services.FNOOrchestratorTests" time="0.006" tests="1" errors="0" skipped="0" failures="0">
  <properties>
[...]
</properties>
  <testcase name="testOrchestrate" classname="ai.braineous.app.fno.services.FNOOrchestratorTests" time="0.003">
    <system-out><![CDATA[____flights_events____
[{"id":"F100","number":"F100","origin":"AUS","dest":"DFW","dep_utc":"2025-10-22T10:00:00Z","arr_utc":"2025-10-22T11:10:00Z","capacity":150,"equipment":"320"},{"id":"F102","number":"F102","origin":"AUS","dest":"DFW","dep_utc":"2025-10-22T11:30:00Z","arr_utc":"2025-10-22T12:40:00Z","capacity":150,"equipment":"320"},{"id":"F110","number":"F110","origin":"SAT","dest":"DFW","dep_utc":"2025-10-22T11:10:00Z","arr_utc":"2025-10-22T12:15:00Z","capacity":150,"equipment":"320"},{"id":"F120","number":"F120","origin":"IAH","dest":"DFW","dep_utc":"2025-10-22T11:20:00Z","arr_utc":"2025-10-22T12:25:00Z","capacity":150,"equipment":"319"},{"id":"F200","number":"F200","origin":"DFW","dest":"ORD","dep_utc":"2025-10-22T13:30:00Z","arr_utc":"2025-10-22T16:50:00Z","capacity":150,"equipment":"738"},{"id":"F210","number":"F210","origin":"DFW","dest":"JFK","dep_utc":"2025-10-22T13:20:00Z","arr_utc":"2025-10-22T17:10:00Z","capacity":150,"equipment":"321"},{"id":"F220","number":"F220","origin":"DFW","dest":"LAX","dep_utc":"2025-10-22T13:45:00Z","arr_utc":"2025-10-22T15:20:00Z","capacity":150,"equipment":"73G"}]
____flights____
[Flight [json={"id":"F100","number":"F100","origin":"AUS","dest":"DFW","dep_utc":"2025-10-22T10:00:00Z","arr_utc":"2025-10-22T11:10:00Z","capacity":150,"equipment":"320"}], Flight [json={"id":"F102","number":"F102","origin":"AUS","dest":"DFW","dep_utc":"2025-10-22T11:30:00Z","arr_utc":"2025-10-22T12:40:00Z","capacity":150,"equipment":"320"}], Flight [json={"id":"F110","number":"F110","origin":"SAT","dest":"DFW","dep_utc":"2025-10-22T11:10:00Z","arr_utc":"2025-10-22T12:15:00Z","capacity":150,"equipment":"320"}], Flight [json={"id":"F120","number":"F120","origin":"IAH","dest":"DFW","dep_utc":"2025-10-22T11:20:00Z","arr_utc":"2025-10-22T12:25:00Z","capacity":150,"equipment":"319"}], Flight [json={"id":"F200","number":"F200","origin":"DFW","dest":"ORD","dep_utc":"2025-10-22T13:30:00Z","arr_utc":"2025-10-22T16:50:00Z","capacity":150,"equipment":"738"}], Flight [json={"id":"F210","number":"F210","origin":"DFW","dest":"JFK","dep_utc":"2025-10-22T13:20:00Z","arr_utc":"2025-10-22T17:10:00Z","capacity":150,"equipment":"321"}], Flight [json={"id":"F220","number":"F220","origin":"DFW","dest":"LAX","dep_utc":"2025-10-22T13:45:00Z","arr_utc":"2025-10-22T15:20:00Z","capacity":150,"equipment":"73G"}]]
____facts____
[Fact [id=Airport:AUS, text=Airport(AUS, 'AUS'), feats=null], Fact [id=Airport:DFW, text=Airport(DFW, 'DFW'), feats=null], Fact [id=Flight:F100, text=Flight(id:'F100', AUS, DFW, '2025-10-22T10:00:00Z', '2025-10-22T11:10:00Z'), feats=null], Fact [id=Airport:AUS, text=Airport(AUS, 'AUS'), feats=null], Fact [id=Airport:DFW, text=Airport(DFW, 'DFW'), feats=null], Fact [id=Flight:F102, text=Flight(id:'F102', AUS, DFW, '2025-10-22T11:30:00Z', '2025-10-22T12:40:00Z'), feats=null], Fact [id=Airport:SAT, text=Airport(SAT, 'SAT'), feats=null], Fact [id=Airport:DFW, text=Airport(DFW, 'DFW'), feats=null], Fact [id=Flight:F110, text=Flight(id:'F110', SAT, DFW, '2025-10-22T11:10:00Z', '2025-10-22T12:15:00Z'), feats=null], Fact [id=Airport:IAH, text=Airport(IAH, 'IAH'), feats=null], Fact [id=Airport:DFW, text=Airport(DFW, 'DFW'), feats=null], Fact [id=Flight:F120, text=Flight(id:'F120', IAH, DFW, '2025-10-22T11:20:00Z', '2025-10-22T12:25:00Z'), feats=null], Fact [id=Airport:DFW, text=Airport(DFW, 'DFW'), feats=null], Fact [id=Airport:ORD, text=Airport(ORD, 'ORD'), feats=null], Fact [id=Flight:F200, text=Flight(id:'F200', DFW, ORD, '2025-10-22T13:30:00Z', '2025-10-22T16:50:00Z'), feats=null], Fact [id=Airport:DFW, text=Airport(DFW, 'DFW'), feats=null], Fact [id=Airport:JFK, text=Airport(JFK, 'JFK'), feats=null], Fact [id=Flight:F210, text=Flight(id:'F210', DFW, JFK, '2025-10-22T13:20:00Z', '2025-10-22T17:10:00Z'), feats=null], Fact [id=Airport:DFW, text=Airport(DFW, 'DFW'), feats=null], Fact [id=Airport:LAX, text=Airport(LAX, 'LAX'), feats=null], Fact [id=Flight:F220, text=Flight(id:'F220', DFW, LAX, '2025-10-22T13:45:00Z', '2025-10-22T15:20:00Z'), feats=null]]
____rules____
[{"id":"R_airport_node_AUS","note":"Create airport node.","when":["Airport($code, $name)"],"then":[{"emit":"GraphNode(AUS, 'airport', $name)"}],"weight":0.8}, {"id":"R_airport_node_DFW","note":"Create airport node.","when":["Airport($code, $name)"],"then":[{"emit":"GraphNode(DFW, 'airport', $name)"}],"weight":0.8}, {"id":"R_airport_node_SAT","note":"Create airport node.","when":["Airport($code, $name)"],"then":[{"emit":"GraphNode(SAT, 'airport', $name)"}],"weight":0.8}, {"id":"R_airport_node_IAH","note":"Create airport node.","when":["Airport($code, $name)"],"then":[{"emit":"GraphNode(IAH, 'airport', $name)"}],"weight":0.8}, {"id":"R_airport_node_ORD","note":"Create airport node.","when":["Airport($code, $name)"],"then":[{"emit":"GraphNode(ORD, 'airport', $name)"}],"weight":0.8}, {"id":"R_airport_node_JFK","note":"Create airport node.","when":["Airport($code, $name)"],"then":[{"emit":"GraphNode(JFK, 'airport', $name)"}],"weight":0.8}, {"id":"R_airport_node_LAX","note":"Create airport node.","when":["Airport($code, $name)"],"then":[{"emit":"GraphNode(LAX, 'airport', $name)"}],"weight":0.8}, {"id":"R_flight_edge","note":"Create flight edge from Flight facts.","when":["Flight(id:$fid, $src, $dst, $depUtc, $arrUtc)"],"then":[{"emit":"GraphEdge($src, $dst, $depUtc, $arrUtc, 'fly', id:$fid)"}],"weight":1.0}]
____llm_bridge____
[Fact [id=Airport:AUS, text=Airport(AUS, 'AUS'), feats=null], Fact [id=Airport:DFW, text=Airport(DFW, 'DFW'), feats=null], Fact [id=Flight:F100, text=Flight(id:'F100', AUS, DFW, '2025-10-22T10:00:00Z', '2025-10-22T11:10:00Z'), feats=null], Fact [id=Airport:AUS, text=Airport(AUS, 'AUS'), feats=null], Fact [id=Airport:DFW, text=Airport(DFW, 'DFW'), feats=null], Fact [id=Flight:F102, text=Flight(id:'F102', AUS, DFW, '2025-10-22T11:30:00Z', '2025-10-22T12:40:00Z'), feats=null], Fact [id=Airport:SAT, text=Airport(SAT, 'SAT'), feats=null], Fact [id=Airport:DFW, text=Airport(DFW, 'DFW'), feats=null], Fact [id=Flight:F110, text=Flight(id:'F110', SAT, DFW, '2025-10-22T11:10:00Z', '2025-10-22T12:15:00Z'), feats=null], Fact [id=Airport:IAH, text=Airport(IAH, 'IAH'), feats=null], Fact [id=Airport:DFW, text=Airport(DFW, 'DFW'), feats=null], Fact [id=Flight:F120, text=Flight(id:'F120', IAH, DFW, '2025-10-22T11:20:00Z', '2025-10-22T12:25:00Z'), feats=null], Fact [id=Airport:DFW, text=Airport(DFW, 'DFW'), feats=null], Fact [id=Airport:ORD, text=Airport(ORD, 'ORD'), feats=null], Fact [id=Flight:F200, text=Flight(id:'F200', DFW, ORD, '2025-10-22T13:30:00Z', '2025-10-22T16:50:00Z'), feats=null], Fact [id=Airport:DFW, text=Airport(DFW, 'DFW'), feats=null], Fact [id=Airport:JFK, text=Airport(JFK, 'JFK'), feats=null], Fact [id=Flight:F210, text=Flight(id:'F210', DFW, JFK, '2025-10-22T13:20:00Z', '2025-10-22T17:10:00Z'), feats=null], Fact [id=Airport:DFW, text=Airport(DFW, 'DFW'), feats=null], Fact [id=Airport:LAX, text=Airport(LAX, 'LAX'), feats=null], Fact [id=Flight:F220, text=Flight(id:'F220', DFW, LAX, '2025-10-22T13:45:00Z', '2025-10-22T15:20:00Z'), feats=null]]
____llm_bridge____
[{"id":"R_airport_node_AUS","note":"Create airport node.","when":["Airport($code, $name)"],"then":[{"emit":"GraphNode(AUS, 'airport', $name)"}],"weight":0.8}, {"id":"R_airport_node_DFW","note":"Create airport node.","when":["Airport($code, $name)"],"then":[{"emit":"GraphNode(DFW, 'airport', $name)"}],"weight":0.8}, {"id":"R_airport_node_SAT","note":"Create airport node.","when":["Airport($code, $name)"],"then":[{"emit":"GraphNode(SAT, 'airport', $name)"}],"weight":0.8}, {"id":"R_airport_node_IAH","note":"Create airport node.","when":["Airport($code, $name)"],"then":[{"emit":"GraphNode(IAH, 'airport', $name)"}],"weight":0.8}, {"id":"R_airport_node_ORD","note":"Create airport node.","when":["Airport($code, $name)"],"then":[{"emit":"GraphNode(ORD, 'airport', $name)"}],"weight":0.8}, {"id":"R_airport_node_JFK","note":"Create airport node.","when":["Airport($code, $name)"],"then":[{"emit":"GraphNode(JFK, 'airport', $name)"}],"weight":0.8}, {"id":"R_airport_node_LAX","note":"Create airport node.","when":["Airport($code, $name)"],"then":[{"emit":"GraphNode(LAX, 'airport', $name)"}],"weight":0.8}, {"id":"R_flight_edge","note":"Create flight edge from Flight facts.","when":["Flight(id:$fid, $src, $dst, $depUtc, $arrUtc)"],"then":[{"emit":"GraphEdge($src, $dst, $depUtc, $arrUtc, 'fly', id:$fid)"}],"weight":1.0}]
____llm_bridge_orchestrate____
ReasoningContext{facts=[Fact [id=Airport:AUS, text=Airport(AUS, 'AUS'), feats=null], Fact [id=Airport:DFW, text=Airport(DFW, 'DFW'), feats=null], Fact [id=Flight:F100, text=Flight(id:'F100', AUS, DFW, '2025-10-22T10:00:00Z', '2025-10-22T11:10:00Z'), feats=null], Fact [id=Airport:AUS, text=Airport(AUS, 'AUS'), feats=null], Fact [id=Airport:DFW, text=Airport(DFW, 'DFW'), feats=null], Fact [id=Flight:F102, text=Flight(id:'F102', AUS, DFW, '2025-10-22T11:30:00Z', '2025-10-22T12:40:00Z'), feats=null], Fact [id=Airport:SAT, text=Airport(SAT, 'SAT'), feats=null], Fact [id=Airport:DFW, text=Airport(DFW, 'DFW'), feats=null], Fact [id=Flight:F110, text=Flight(id:'F110', SAT, DFW, '2025-10-22T11:10:00Z', '2025-10-22T12:15:00Z'), feats=null], Fact [id=Airport:IAH, text=Airport(IAH, 'IAH'), feats=null], Fact [id=Airport:DFW, text=Airport(DFW, 'DFW'), feats=null], Fact [id=Flight:F120, text=Flight(id:'F120', IAH, DFW, '2025-10-22T11:20:00Z', '2025-10-22T12:25:00Z'), feats=null], Fact [id=Airport:DFW, text=Airport(DFW, 'DFW'), feats=null], Fact [id=Airport:ORD, text=Airport(ORD, 'ORD'), feats=null], Fact [id=Flight:F200, text=Flight(id:'F200', DFW, ORD, '2025-10-22T13:30:00Z', '2025-10-22T16:50:00Z'), feats=null], Fact [id=Airport:DFW, text=Airport(DFW, 'DFW'), feats=null], Fact [id=Airport:JFK, text=Airport(JFK, 'JFK'), feats=null], Fact [id=Flight:F210, text=Flight(id:'F210', DFW, JFK, '2025-10-22T13:20:00Z', '2025-10-22T17:10:00Z'), feats=null], Fact [id=Airport:DFW, text=Airport(DFW, 'DFW'), feats=null], Fact [id=Airport:LAX, text=Airport(LAX, 'LAX'), feats=null], Fact [id=Flight:F220, text=Flight(id:'F220', DFW, LAX, '2025-10-22T13:45:00Z', '2025-10-22T15:20:00Z'), feats=null]], state={}}
]]></system-out>
  </testcase>
</testsuite>